{"C:\\Users\\willi\\Desktop\\bc-help-desk-api\\src\\app.ts": {"path":"C:\\Users\\willi\\Desktop\\bc-help-desk-api\\src\\app.ts","statementMap":{"0":{"start":{"line":1,"column":0},"end":{"line":1,"column":23}},"1":{"start":{"line":2,"column":0},"end":{"line":2,"column":43}},"2":{"start":{"line":3,"column":0},"end":{"line":3,"column":41}},"3":{"start":{"line":4,"column":0},"end":{"line":4,"column":28}},"4":{"start":{"line":5,"column":0},"end":{"line":5,"column":24}},"5":{"start":{"line":6,"column":0},"end":{"line":6,"column":50}},"6":{"start":{"line":7,"column":0},"end":{"line":7,"column":46}},"7":{"start":{"line":8,"column":0},"end":{"line":8,"column":46}},"8":{"start":{"line":9,"column":0},"end":{"line":9,"column":50}},"9":{"start":{"line":10,"column":0},"end":{"line":10,"column":58}},"10":{"start":{"line":11,"column":0},"end":{"line":11,"column":50}},"11":{"start":{"line":12,"column":0},"end":{"line":12,"column":63}},"12":{"start":{"line":14,"column":21},"end":{"line":14,"column":30}},"13":{"start":{"line":43,"column":9},"end":{"line":43,"column":12}},"14":{"start":{"line":17,"column":0},"end":{"line":17,"column":18}},"15":{"start":{"line":18,"column":0},"end":{"line":18,"column":23}},"16":{"start":{"line":19,"column":0},"end":{"line":19,"column":27}},"17":{"start":{"line":22,"column":0},"end":{"line":22,"column":24}},"18":{"start":{"line":23,"column":0},"end":{"line":23,"column":48}},"19":{"start":{"line":24,"column":0},"end":{"line":24,"column":24}},"20":{"start":{"line":27,"column":0},"end":{"line":27,"column":18}},"21":{"start":{"line":30,"column":0},"end":{"line":32,"column":3}},"22":{"start":{"line":31,"column":2},"end":{"line":31,"column":66}},"23":{"start":{"line":35,"column":0},"end":{"line":35,"column":36}},"24":{"start":{"line":36,"column":0},"end":{"line":36,"column":37}},"25":{"start":{"line":37,"column":0},"end":{"line":37,"column":41}},"26":{"start":{"line":40,"column":0},"end":{"line":40,"column":18}},"27":{"start":{"line":41,"column":0},"end":{"line":41,"column":22}}},"fnMap":{"0":{"name":"(anonymous_1)","decl":{"start":{"line":30,"column":26},"end":{"line":30,"column":27}},"loc":{"start":{"line":30,"column":40},"end":{"line":32,"column":1}}}},"branchMap":{},"s":{"0":3,"1":3,"2":3,"3":3,"4":3,"5":3,"6":3,"7":3,"8":3,"9":3,"10":3,"11":3,"12":3,"13":3,"14":3,"15":3,"16":3,"17":3,"18":3,"19":3,"20":3,"21":3,"22":1,"23":3,"24":3,"25":3,"26":3,"27":3},"f":{"0":1},"b":{}}
,"C:\\Users\\willi\\Desktop\\bc-help-desk-api\\src\\config\\security.ts": {"path":"C:\\Users\\willi\\Desktop\\bc-help-desk-api\\src\\config\\security.ts","statementMap":{"0":{"start":{"line":1,"column":0},"end":{"line":1,"column":43}},"1":{"start":{"line":7,"column":20},"end":{"line":7,"column":66}},"2":{"start":{"line":7,"column":35},"end":{"line":7,"column":66}},"3":{"start":{"line":10,"column":13},"end":{"line":17,"column":3}},"4":{"start":{"line":20,"column":13},"end":{"line":27,"column":3}},"5":{"start":{"line":30,"column":24},"end":{"line":33,"column":2}},"6":{"start":{"line":35,"column":13},"end":{"line":46,"column":2}},"7":{"start":{"line":37,"column":4},"end":{"line":41,"column":5}},"8":{"start":{"line":38,"column":6},"end":{"line":38,"column":27}},"9":{"start":{"line":40,"column":6},"end":{"line":40,"column":72}}},"fnMap":{"0":{"name":"(anonymous_1)","decl":{"start":{"line":7,"column":20},"end":{"line":7,"column":32}},"loc":{"start":{"line":7,"column":35},"end":{"line":7,"column":66}}},"1":{"name":"(anonymous_2)","decl":{"start":{"line":36,"column":10},"end":{"line":36,"column":11}},"loc":{"start":{"line":36,"column":31},"end":{"line":42,"column":3}}}},"branchMap":{"0":{"loc":{"start":{"line":37,"column":4},"end":{"line":41,"column":5}},"type":"if","locations":[{"start":{"line":37,"column":4},"end":{"line":41,"column":5}},{"start":{"line":39,"column":11},"end":{"line":41,"column":5}}]},"1":{"loc":{"start":{"line":37,"column":8},"end":{"line":37,"column":51}},"type":"binary-expr","locations":[{"start":{"line":37,"column":8},"end":{"line":37,"column":15}},{"start":{"line":37,"column":19},"end":{"line":37,"column":51}}]}},"s":{"0":3,"1":3,"2":102,"3":3,"4":3,"5":3,"6":3,"7":69,"8":69,"9":0},"f":{"0":102,"1":69},"b":{"0":[69,0],"1":[69,0]}}
,"C:\\Users\\willi\\Desktop\\bc-help-desk-api\\src\\controllers\\auth.controller.ts": {"path":"C:\\Users\\willi\\Desktop\\bc-help-desk-api\\src\\controllers\\auth.controller.ts","statementMap":{"0":{"start":{"line":6,"column":0},"end":{"line":6,"column":7}},"1":{"start":{"line":16,"column":0},"end":{"line":16,"column":7}},"2":{"start":{"line":34,"column":0},"end":{"line":34,"column":7}},"3":{"start":{"line":53,"column":0},"end":{"line":53,"column":7}},"4":{"start":{"line":64,"column":0},"end":{"line":64,"column":7}},"5":{"start":{"line":2,"column":0},"end":{"line":2,"column":59}},"6":{"start":{"line":3,"column":0},"end":{"line":3,"column":72}},"7":{"start":{"line":4,"column":0},"end":{"line":4,"column":49}},"8":{"start":{"line":7,"column":2},"end":{"line":13,"column":3}},"9":{"start":{"line":8,"column":21},"end":{"line":8,"column":61}},"10":{"start":{"line":9,"column":17},"end":{"line":9,"column":49}},"11":{"start":{"line":10,"column":4},"end":{"line":10,"column":69}},"12":{"start":{"line":12,"column":4},"end":{"line":12,"column":14}},"13":{"start":{"line":17,"column":2},"end":{"line":31,"column":3}},"14":{"start":{"line":18,"column":21},"end":{"line":18,"column":58}},"15":{"start":{"line":19,"column":48},"end":{"line":19,"column":77}},"16":{"start":{"line":21,"column":4},"end":{"line":26,"column":7}},"17":{"start":{"line":28,"column":4},"end":{"line":28,"column":36}},"18":{"start":{"line":30,"column":4},"end":{"line":30,"column":14}},"19":{"start":{"line":35,"column":2},"end":{"line":50,"column":3}},"20":{"start":{"line":36,"column":18},"end":{"line":36,"column":65}},"21":{"start":{"line":37,"column":4},"end":{"line":37,"column":65}},"22":{"start":{"line":37,"column":16},"end":{"line":37,"column":65}},"23":{"start":{"line":39,"column":19},"end":{"line":39,"column":57}},"24":{"start":{"line":40,"column":4},"end":{"line":45,"column":7}},"25":{"start":{"line":47,"column":4},"end":{"line":47,"column":50}},"26":{"start":{"line":49,"column":4},"end":{"line":49,"column":14}},"27":{"start":{"line":54,"column":2},"end":{"line":61,"column":3}},"28":{"start":{"line":55,"column":4},"end":{"line":55,"column":64}},"29":{"start":{"line":55,"column":19},"end":{"line":55,"column":64}},"30":{"start":{"line":56,"column":4},"end":{"line":56,"column":43}},"31":{"start":{"line":57,"column":4},"end":{"line":57,"column":36}},"32":{"start":{"line":58,"column":4},"end":{"line":58,"column":40}},"33":{"start":{"line":60,"column":4},"end":{"line":60,"column":14}},"34":{"start":{"line":65,"column":2},"end":{"line":71,"column":3}},"35":{"start":{"line":66,"column":4},"end":{"line":66,"column":64}},"36":{"start":{"line":66,"column":19},"end":{"line":66,"column":64}},"37":{"start":{"line":67,"column":17},"end":{"line":67,"column":54}},"38":{"start":{"line":68,"column":4},"end":{"line":68,"column":29}},"39":{"start":{"line":70,"column":4},"end":{"line":70,"column":14}}},"fnMap":{"0":{"name":"register","decl":{"start":{"line":6,"column":22},"end":{"line":6,"column":30}},"loc":{"start":{"line":6,"column":78},"end":{"line":14,"column":1}}},"1":{"name":"login","decl":{"start":{"line":16,"column":22},"end":{"line":16,"column":27}},"loc":{"start":{"line":16,"column":75},"end":{"line":32,"column":1}}},"2":{"name":"refresh","decl":{"start":{"line":34,"column":22},"end":{"line":34,"column":29}},"loc":{"start":{"line":34,"column":77},"end":{"line":51,"column":1}}},"3":{"name":"logout","decl":{"start":{"line":53,"column":22},"end":{"line":53,"column":28}},"loc":{"start":{"line":53,"column":76},"end":{"line":62,"column":1}}},"4":{"name":"me","decl":{"start":{"line":64,"column":22},"end":{"line":64,"column":24}},"loc":{"start":{"line":64,"column":72},"end":{"line":72,"column":1}}}},"branchMap":{"0":{"loc":{"start":{"line":37,"column":4},"end":{"line":37,"column":65}},"type":"if","locations":[{"start":{"line":37,"column":4},"end":{"line":37,"column":65}}]},"1":{"loc":{"start":{"line":55,"column":4},"end":{"line":55,"column":64}},"type":"if","locations":[{"start":{"line":55,"column":4},"end":{"line":55,"column":64}}]},"2":{"loc":{"start":{"line":66,"column":4},"end":{"line":66,"column":64}},"type":"if","locations":[{"start":{"line":66,"column":4},"end":{"line":66,"column":64}}]}},"s":{"0":3,"1":3,"2":3,"3":3,"4":3,"5":3,"6":3,"7":3,"8":10,"9":10,"10":9,"11":8,"12":2,"13":23,"14":23,"15":23,"16":22,"17":22,"18":1,"19":2,"20":2,"21":2,"22":1,"23":1,"24":1,"25":1,"26":1,"27":1,"28":1,"29":0,"30":1,"31":1,"32":1,"33":0,"34":1,"35":1,"36":0,"37":1,"38":1,"39":0},"f":{"0":10,"1":23,"2":2,"3":1,"4":1},"b":{"0":[1],"1":[0],"2":[0]}}
,"C:\\Users\\willi\\Desktop\\bc-help-desk-api\\src\\controllers\\ticket.controller.ts": {"path":"C:\\Users\\willi\\Desktop\\bc-help-desk-api\\src\\controllers\\ticket.controller.ts","statementMap":{"0":{"start":{"line":9,"column":0},"end":{"line":9,"column":7}},"1":{"start":{"line":18,"column":0},"end":{"line":18,"column":7}},"2":{"start":{"line":32,"column":0},"end":{"line":32,"column":7}},"3":{"start":{"line":44,"column":0},"end":{"line":44,"column":7}},"4":{"start":{"line":65,"column":0},"end":{"line":65,"column":7}},"5":{"start":{"line":5,"column":0},"end":{"line":5,"column":60}},"6":{"start":{"line":6,"column":0},"end":{"line":6,"column":82}},"7":{"start":{"line":7,"column":0},"end":{"line":7,"column":46}},"8":{"start":{"line":10,"column":2},"end":{"line":15,"column":3}},"9":{"start":{"line":11,"column":20},"end":{"line":11,"column":49}},"10":{"start":{"line":12,"column":4},"end":{"line":12,"column":55}},"11":{"start":{"line":14,"column":4},"end":{"line":14,"column":14}},"12":{"start":{"line":23,"column":2},"end":{"line":29,"column":3}},"13":{"start":{"line":24,"column":19},"end":{"line":24,"column":62}},"14":{"start":{"line":25,"column":4},"end":{"line":25,"column":61}},"15":{"start":{"line":25,"column":17},"end":{"line":25,"column":61}},"16":{"start":{"line":26,"column":4},"end":{"line":26,"column":31}},"17":{"start":{"line":28,"column":4},"end":{"line":28,"column":14}},"18":{"start":{"line":33,"column":2},"end":{"line":41,"column":3}},"19":{"start":{"line":34,"column":4},"end":{"line":34,"column":64}},"20":{"start":{"line":34,"column":19},"end":{"line":34,"column":64}},"21":{"start":{"line":36,"column":21},"end":{"line":36,"column":65}},"22":{"start":{"line":37,"column":19},"end":{"line":37,"column":65}},"23":{"start":{"line":38,"column":4},"end":{"line":38,"column":70}},"24":{"start":{"line":40,"column":4},"end":{"line":40,"column":14}},"25":{"start":{"line":49,"column":2},"end":{"line":62,"column":3}},"26":{"start":{"line":50,"column":4},"end":{"line":50,"column":64}},"27":{"start":{"line":50,"column":19},"end":{"line":50,"column":64}},"28":{"start":{"line":52,"column":21},"end":{"line":52,"column":65}},"29":{"start":{"line":53,"column":19},"end":{"line":53,"column":105}},"30":{"start":{"line":55,"column":4},"end":{"line":55,"column":61}},"31":{"start":{"line":55,"column":17},"end":{"line":55,"column":61}},"32":{"start":{"line":56,"column":4},"end":{"line":56,"column":58}},"33":{"start":{"line":58,"column":4},"end":{"line":60,"column":5}},"34":{"start":{"line":59,"column":6},"end":{"line":59,"column":77}},"35":{"start":{"line":61,"column":4},"end":{"line":61,"column":14}},"36":{"start":{"line":70,"column":2},"end":{"line":76,"column":3}},"37":{"start":{"line":71,"column":19},"end":{"line":71,"column":60}},"38":{"start":{"line":72,"column":4},"end":{"line":72,"column":61}},"39":{"start":{"line":72,"column":17},"end":{"line":72,"column":61}},"40":{"start":{"line":73,"column":4},"end":{"line":73,"column":44}},"41":{"start":{"line":75,"column":4},"end":{"line":75,"column":14}}},"fnMap":{"0":{"name":"getTickets","decl":{"start":{"line":9,"column":22},"end":{"line":9,"column":32}},"loc":{"start":{"line":9,"column":81},"end":{"line":16,"column":1}}},"1":{"name":"getTicketById","decl":{"start":{"line":18,"column":22},"end":{"line":18,"column":35}},"loc":{"start":{"line":21,"column":20},"end":{"line":30,"column":1}}},"2":{"name":"createTicket","decl":{"start":{"line":32,"column":22},"end":{"line":32,"column":34}},"loc":{"start":{"line":32,"column":82},"end":{"line":42,"column":1}}},"3":{"name":"updateTicket","decl":{"start":{"line":44,"column":22},"end":{"line":44,"column":34}},"loc":{"start":{"line":47,"column":20},"end":{"line":63,"column":1}}},"4":{"name":"deleteTicket","decl":{"start":{"line":65,"column":22},"end":{"line":65,"column":34}},"loc":{"start":{"line":68,"column":20},"end":{"line":77,"column":1}}}},"branchMap":{"0":{"loc":{"start":{"line":25,"column":4},"end":{"line":25,"column":61}},"type":"if","locations":[{"start":{"line":25,"column":4},"end":{"line":25,"column":61}}]},"1":{"loc":{"start":{"line":34,"column":4},"end":{"line":34,"column":64}},"type":"if","locations":[{"start":{"line":34,"column":4},"end":{"line":34,"column":64}}]},"2":{"loc":{"start":{"line":50,"column":4},"end":{"line":50,"column":64}},"type":"if","locations":[{"start":{"line":50,"column":4},"end":{"line":50,"column":64}}]},"3":{"loc":{"start":{"line":55,"column":4},"end":{"line":55,"column":61}},"type":"if","locations":[{"start":{"line":55,"column":4},"end":{"line":55,"column":61}}]},"4":{"loc":{"start":{"line":58,"column":4},"end":{"line":60,"column":5}},"type":"if","locations":[{"start":{"line":58,"column":4},"end":{"line":60,"column":5}}]},"5":{"loc":{"start":{"line":58,"column":8},"end":{"line":58,"column":59}},"type":"binary-expr","locations":[{"start":{"line":58,"column":8},"end":{"line":58,"column":28}},{"start":{"line":58,"column":32},"end":{"line":58,"column":59}}]},"6":{"loc":{"start":{"line":72,"column":4},"end":{"line":72,"column":61}},"type":"if","locations":[{"start":{"line":72,"column":4},"end":{"line":72,"column":61}}]}},"s":{"0":3,"1":3,"2":3,"3":3,"4":3,"5":3,"6":3,"7":3,"8":1,"9":1,"10":1,"11":0,"12":2,"13":2,"14":2,"15":1,"16":1,"17":1,"18":12,"19":12,"20":0,"21":12,"22":11,"23":10,"24":2,"25":5,"26":5,"27":0,"28":5,"29":4,"30":3,"31":1,"32":2,"33":3,"34":1,"35":2,"36":2,"37":2,"38":2,"39":1,"40":1,"41":1},"f":{"0":1,"1":2,"2":12,"3":5,"4":2},"b":{"0":[1],"1":[0],"2":[0],"3":[1],"4":[1],"5":[3,3],"6":[1]}}
,"C:\\Users\\willi\\Desktop\\bc-help-desk-api\\src\\controllers\\user.controller.ts": {"path":"C:\\Users\\willi\\Desktop\\bc-help-desk-api\\src\\controllers\\user.controller.ts","statementMap":{"0":{"start":{"line":4,"column":0},"end":{"line":4,"column":7}},"1":{"start":{"line":2,"column":0},"end":{"line":2,"column":49}},"2":{"start":{"line":9,"column":2},"end":{"line":17,"column":3}},"3":{"start":{"line":10,"column":4},"end":{"line":10,"column":64}},"4":{"start":{"line":10,"column":19},"end":{"line":10,"column":64}},"5":{"start":{"line":11,"column":4},"end":{"line":14,"column":7}},"6":{"start":{"line":16,"column":4},"end":{"line":16,"column":14}}},"fnMap":{"0":{"name":"getDashboard","decl":{"start":{"line":4,"column":22},"end":{"line":4,"column":34}},"loc":{"start":{"line":7,"column":20},"end":{"line":18,"column":1}}}},"branchMap":{"0":{"loc":{"start":{"line":10,"column":4},"end":{"line":10,"column":64}},"type":"if","locations":[{"start":{"line":10,"column":4},"end":{"line":10,"column":64}}]}},"s":{"0":3,"1":3,"2":1,"3":1,"4":0,"5":1,"6":0},"f":{"0":1},"b":{"0":[0]}}
,"C:\\Users\\willi\\Desktop\\bc-help-desk-api\\src\\errors\\AppError.ts": {"path":"C:\\Users\\willi\\Desktop\\bc-help-desk-api\\src\\errors\\AppError.ts","statementMap":{"0":{"start":{"line":6,"column":4},"end":{"line":6,"column":19}},"1":{"start":{"line":3,"column":20},"end":{"line":3,"column":38}},"2":{"start":{"line":7,"column":4},"end":{"line":7,"column":27}},"3":{"start":{"line":8,"column":4},"end":{"line":8,"column":52}},"4":{"start":{"line":1,"column":0},"end":{"line":1,"column":13}}},"fnMap":{"0":{"name":"(anonymous_0)","decl":{"start":{"line":2,"column":2},"end":{"line":2,"column":null}},"loc":{"start":{"line":4,"column":19},"end":{"line":9,"column":3}}}},"branchMap":{},"s":{"0":24,"1":24,"2":24,"3":24,"4":5},"f":{"0":24},"b":{}}
,"C:\\Users\\willi\\Desktop\\bc-help-desk-api\\src\\middlewares\\auth.middleware.ts": {"path":"C:\\Users\\willi\\Desktop\\bc-help-desk-api\\src\\middlewares\\auth.middleware.ts","statementMap":{"0":{"start":{"line":5,"column":0},"end":{"line":5,"column":16}},"1":{"start":{"line":2,"column":0},"end":{"line":2,"column":52}},"2":{"start":{"line":3,"column":0},"end":{"line":3,"column":49}},"3":{"start":{"line":6,"column":21},"end":{"line":6,"column":46}},"4":{"start":{"line":7,"column":2},"end":{"line":9,"column":3}},"5":{"start":{"line":8,"column":4},"end":{"line":8,"column":80}},"6":{"start":{"line":11,"column":16},"end":{"line":11,"column":40}},"7":{"start":{"line":12,"column":2},"end":{"line":17,"column":3}},"8":{"start":{"line":13,"column":4},"end":{"line":13,"column":40}},"9":{"start":{"line":14,"column":4},"end":{"line":14,"column":11}},"10":{"start":{"line":16,"column":4},"end":{"line":16,"column":56}}},"fnMap":{"0":{"name":"authMiddleware","decl":{"start":{"line":5,"column":16},"end":{"line":5,"column":30}},"loc":{"start":{"line":5,"column":78},"end":{"line":18,"column":1}}}},"branchMap":{"0":{"loc":{"start":{"line":7,"column":2},"end":{"line":9,"column":3}},"type":"if","locations":[{"start":{"line":7,"column":2},"end":{"line":9,"column":3}}]},"1":{"loc":{"start":{"line":7,"column":6},"end":{"line":7,"column":54}},"type":"binary-expr","locations":[{"start":{"line":7,"column":6},"end":{"line":7,"column":17}},{"start":{"line":7,"column":21},"end":{"line":7,"column":54}}]}},"s":{"0":3,"1":3,"2":3,"3":32,"4":32,"5":5,"6":27,"7":27,"8":27,"9":26,"10":1},"f":{"0":32},"b":{"0":[5],"1":[32,27]}}
,"C:\\Users\\willi\\Desktop\\bc-help-desk-api\\src\\middlewares\\errorHandler.ts": {"path":"C:\\Users\\willi\\Desktop\\bc-help-desk-api\\src\\middlewares\\errorHandler.ts","statementMap":{"0":{"start":{"line":5,"column":0},"end":{"line":5,"column":16}},"1":{"start":{"line":2,"column":0},"end":{"line":2,"column":31}},"2":{"start":{"line":3,"column":0},"end":{"line":3,"column":49}},"3":{"start":{"line":6,"column":2},"end":{"line":9,"column":3}},"4":{"start":{"line":7,"column":4},"end":{"line":7,"column":60}},"5":{"start":{"line":8,"column":4},"end":{"line":8,"column":11}},"6":{"start":{"line":13,"column":2},"end":{"line":19,"column":3}},"7":{"start":{"line":14,"column":4},"end":{"line":17,"column":7}},"8":{"start":{"line":16,"column":42},"end":{"line":16,"column":96}},"9":{"start":{"line":18,"column":4},"end":{"line":18,"column":11}},"10":{"start":{"line":21,"column":2},"end":{"line":21,"column":21}},"11":{"start":{"line":22,"column":2},"end":{"line":22,"column":59}}},"fnMap":{"0":{"name":"errorHandler","decl":{"start":{"line":5,"column":16},"end":{"line":5,"column":28}},"loc":{"start":{"line":5,"column":90},"end":{"line":23,"column":1}}},"1":{"name":"(anonymous_1)","decl":{"start":{"line":16,"column":30},"end":{"line":16,"column":31}},"loc":{"start":{"line":16,"column":42},"end":{"line":16,"column":96}}}},"branchMap":{"0":{"loc":{"start":{"line":6,"column":2},"end":{"line":9,"column":3}},"type":"if","locations":[{"start":{"line":6,"column":2},"end":{"line":9,"column":3}}]},"1":{"loc":{"start":{"line":13,"column":2},"end":{"line":19,"column":3}},"type":"if","locations":[{"start":{"line":13,"column":2},"end":{"line":19,"column":3}}]}},"s":{"0":3,"1":3,"2":3,"3":19,"4":16,"5":16,"6":3,"7":3,"8":7,"9":3,"10":0,"11":0},"f":{"0":19,"1":7},"b":{"0":[16],"1":[3]}}
,"C:\\Users\\willi\\Desktop\\bc-help-desk-api\\src\\middlewares\\notFound.ts": {"path":"C:\\Users\\willi\\Desktop\\bc-help-desk-api\\src\\middlewares\\notFound.ts","statementMap":{"0":{"start":{"line":4,"column":0},"end":{"line":4,"column":16}},"1":{"start":{"line":2,"column":0},"end":{"line":2,"column":49}},"2":{"start":{"line":5,"column":2},"end":{"line":5,"column":45}}},"fnMap":{"0":{"name":"notFound","decl":{"start":{"line":4,"column":16},"end":{"line":4,"column":24}},"loc":{"start":{"line":4,"column":74},"end":{"line":6,"column":1}}}},"branchMap":{},"s":{"0":3,"1":3,"2":1},"f":{"0":1},"b":{}}
,"C:\\Users\\willi\\Desktop\\bc-help-desk-api\\src\\middlewares\\requireRole.ts": {"path":"C:\\Users\\willi\\Desktop\\bc-help-desk-api\\src\\middlewares\\requireRole.ts","statementMap":{"0":{"start":{"line":7,"column":0},"end":{"line":7,"column":16}},"1":{"start":{"line":2,"column":0},"end":{"line":2,"column":49}},"2":{"start":{"line":8,"column":2},"end":{"line":20,"column":4}},"3":{"start":{"line":9,"column":4},"end":{"line":11,"column":5}},"4":{"start":{"line":10,"column":6},"end":{"line":10,"column":64}},"5":{"start":{"line":13,"column":4},"end":{"line":17,"column":5}},"6":{"start":{"line":14,"column":6},"end":{"line":16,"column":8}},"7":{"start":{"line":19,"column":4},"end":{"line":19,"column":11}}},"fnMap":{"0":{"name":"requireRole","decl":{"start":{"line":7,"column":16},"end":{"line":7,"column":27}},"loc":{"start":{"line":7,"column":46},"end":{"line":21,"column":1}}},"1":{"name":"(anonymous_1)","decl":{"start":{"line":8,"column":9},"end":{"line":8,"column":10}},"loc":{"start":{"line":8,"column":68},"end":{"line":20,"column":3}}}},"branchMap":{"0":{"loc":{"start":{"line":9,"column":4},"end":{"line":11,"column":5}},"type":"if","locations":[{"start":{"line":9,"column":4},"end":{"line":11,"column":5}}]},"1":{"loc":{"start":{"line":13,"column":4},"end":{"line":17,"column":5}},"type":"if","locations":[{"start":{"line":13,"column":4},"end":{"line":17,"column":5}}]}},"s":{"0":3,"1":3,"2":3,"3":3,"4":0,"5":3,"6":1,"7":2},"f":{"0":3,"1":3},"b":{"0":[0],"1":[1]}}
,"C:\\Users\\willi\\Desktop\\bc-help-desk-api\\src\\middlewares\\sanitize.ts": {"path":"C:\\Users\\willi\\Desktop\\bc-help-desk-api\\src\\middlewares\\sanitize.ts","statementMap":{"0":{"start":{"line":17,"column":0},"end":{"line":17,"column":16}},"1":{"start":{"line":4,"column":2},"end":{"line":4,"column":54}},"2":{"start":{"line":4,"column":47},"end":{"line":4,"column":54}},"3":{"start":{"line":5,"column":2},"end":{"line":14,"column":3}},"4":{"start":{"line":6,"column":4},"end":{"line":9,"column":5}},"5":{"start":{"line":7,"column":6},"end":{"line":7,"column":51}},"6":{"start":{"line":8,"column":6},"end":{"line":8,"column":15}},"7":{"start":{"line":10,"column":19},"end":{"line":10,"column":55}},"8":{"start":{"line":11,"column":4},"end":{"line":13,"column":5}},"9":{"start":{"line":12,"column":6},"end":{"line":12,"column":32}},"10":{"start":{"line":18,"column":2},"end":{"line":18,"column":31}},"11":{"start":{"line":19,"column":2},"end":{"line":19,"column":33}},"12":{"start":{"line":20,"column":2},"end":{"line":20,"column":32}},"13":{"start":{"line":21,"column":2},"end":{"line":21,"column":9}}},"fnMap":{"0":{"name":"stripDangerousKeys","decl":{"start":{"line":3,"column":9},"end":{"line":3,"column":27}},"loc":{"start":{"line":3,"column":40},"end":{"line":15,"column":1}}},"1":{"name":"sanitize","decl":{"start":{"line":17,"column":16},"end":{"line":17,"column":24}},"loc":{"start":{"line":17,"column":73},"end":{"line":22,"column":1}}}},"branchMap":{"0":{"loc":{"start":{"line":4,"column":2},"end":{"line":4,"column":54}},"type":"if","locations":[{"start":{"line":4,"column":2},"end":{"line":4,"column":54}}]},"1":{"loc":{"start":{"line":4,"column":6},"end":{"line":4,"column":45}},"type":"binary-expr","locations":[{"start":{"line":4,"column":6},"end":{"line":4,"column":18}},{"start":{"line":4,"column":22},"end":{"line":4,"column":45}}]},"2":{"loc":{"start":{"line":6,"column":4},"end":{"line":9,"column":5}},"type":"if","locations":[{"start":{"line":6,"column":4},"end":{"line":9,"column":5}}]},"3":{"loc":{"start":{"line":6,"column":8},"end":{"line":6,"column":48}},"type":"binary-expr","locations":[{"start":{"line":6,"column":8},"end":{"line":6,"column":27}},{"start":{"line":6,"column":31},"end":{"line":6,"column":48}}]},"4":{"loc":{"start":{"line":11,"column":4},"end":{"line":13,"column":5}},"type":"if","locations":[{"start":{"line":11,"column":4},"end":{"line":13,"column":5}}]},"5":{"loc":{"start":{"line":11,"column":8},"end":{"line":11,"column":51}},"type":"binary-expr","locations":[{"start":{"line":11,"column":8},"end":{"line":11,"column":33}},{"start":{"line":11,"column":37},"end":{"line":11,"column":51}}]}},"s":{"0":3,"1":207,"2":18,"3":189,"4":131,"5":0,"6":0,"7":131,"8":131,"9":0,"10":69,"11":69,"12":69,"13":69},"f":{"0":207,"1":69},"b":{"0":[18],"1":[207,207],"2":[0],"3":[131,131],"4":[0],"5":[131,0]}}
,"C:\\Users\\willi\\Desktop\\bc-help-desk-api\\src\\models\\ticket.model.ts": {"path":"C:\\Users\\willi\\Desktop\\bc-help-desk-api\\src\\models\\ticket.model.ts","statementMap":{"0":{"start":{"line":4,"column":0},"end":{"line":4,"column":51}},"1":{"start":{"line":23,"column":21},"end":{"line":64,"column":null}},"2":{"start":{"line":67,"column":13},"end":{"line":67,"column":61}}},"fnMap":{},"branchMap":{},"s":{"0":3,"1":3,"2":3},"f":{},"b":{}}
,"C:\\Users\\willi\\Desktop\\bc-help-desk-api\\src\\models\\user.model.ts": {"path":"C:\\Users\\willi\\Desktop\\bc-help-desk-api\\src\\models\\user.model.ts","statementMap":{"0":{"start":{"line":1,"column":0},"end":{"line":1,"column":51}},"1":{"start":{"line":13,"column":19},"end":{"line":21,"column":null}},"2":{"start":{"line":24,"column":13},"end":{"line":24,"column":53}}},"fnMap":{},"branchMap":{},"s":{"0":4,"1":4,"2":4},"f":{},"b":{}}
,"C:\\Users\\willi\\Desktop\\bc-help-desk-api\\src\\repositories\\users.repository.ts": {"path":"C:\\Users\\willi\\Desktop\\bc-help-desk-api\\src\\repositories\\users.repository.ts","statementMap":{"0":{"start":{"line":3,"column":0},"end":{"line":3,"column":7}},"1":{"start":{"line":7,"column":0},"end":{"line":7,"column":7}},"2":{"start":{"line":11,"column":0},"end":{"line":11,"column":7}},"3":{"start":{"line":19,"column":0},"end":{"line":19,"column":7}},"4":{"start":{"line":1,"column":0},"end":{"line":1,"column":54}},"5":{"start":{"line":4,"column":2},"end":{"line":4,"column":67}},"6":{"start":{"line":8,"column":2},"end":{"line":8,"column":27}},"7":{"start":{"line":16,"column":2},"end":{"line":16,"column":27}},"8":{"start":{"line":23,"column":2},"end":{"line":23,"column":57}}},"fnMap":{"0":{"name":"findUserByEmail","decl":{"start":{"line":3,"column":22},"end":{"line":3,"column":37}},"loc":{"start":{"line":3,"column":51},"end":{"line":5,"column":1}}},"1":{"name":"findUserById","decl":{"start":{"line":7,"column":22},"end":{"line":7,"column":34}},"loc":{"start":{"line":7,"column":45},"end":{"line":9,"column":1}}},"2":{"name":"createUser","decl":{"start":{"line":11,"column":22},"end":{"line":11,"column":32}},"loc":{"start":{"line":15,"column":1},"end":{"line":17,"column":1}}},"3":{"name":"updateRefreshToken","decl":{"start":{"line":19,"column":22},"end":{"line":19,"column":40}},"loc":{"start":{"line":21,"column":29},"end":{"line":24,"column":1}}}},"branchMap":{},"s":{"0":4,"1":4,"2":4,"3":4,"4":4,"5":32,"6":2,"7":8,"8":24},"f":{"0":32,"1":2,"2":8,"3":24},"b":{}}
,"C:\\Users\\willi\\Desktop\\bc-help-desk-api\\src\\routes\\auth.routes.ts": {"path":"C:\\Users\\willi\\Desktop\\bc-help-desk-api\\src\\routes\\auth.routes.ts","statementMap":{"0":{"start":{"line":1,"column":0},"end":{"line":1,"column":33}},"1":{"start":{"line":2,"column":0},"end":{"line":2,"column":89}},"2":{"start":{"line":3,"column":0},"end":{"line":3,"column":67}},"3":{"start":{"line":4,"column":0},"end":{"line":4,"column":52}},"4":{"start":{"line":6,"column":23},"end":{"line":6,"column":31}},"5":{"start":{"line":8,"column":0},"end":{"line":8,"column":48}},"6":{"start":{"line":9,"column":0},"end":{"line":9,"column":42}},"7":{"start":{"line":10,"column":0},"end":{"line":10,"column":33}},"8":{"start":{"line":11,"column":0},"end":{"line":11,"column":47}},"9":{"start":{"line":12,"column":0},"end":{"line":12,"column":38}},"10":{"start":{"line":14,"column":0},"end":{"line":14,"column":22}}},"fnMap":{},"branchMap":{},"s":{"0":3,"1":3,"2":3,"3":3,"4":3,"5":3,"6":3,"7":3,"8":3,"9":3,"10":3},"f":{},"b":{}}
,"C:\\Users\\willi\\Desktop\\bc-help-desk-api\\src\\routes\\ticket.routes.ts": {"path":"C:\\Users\\willi\\Desktop\\bc-help-desk-api\\src\\routes\\ticket.routes.ts","statementMap":{"0":{"start":{"line":12,"column":0},"end":{"line":12,"column":33}},"1":{"start":{"line":13,"column":0},"end":{"line":13,"column":null}},"2":{"start":{"line":20,"column":0},"end":{"line":20,"column":64}},"3":{"start":{"line":21,"column":0},"end":{"line":21,"column":57}},"4":{"start":{"line":23,"column":23},"end":{"line":23,"column":31}},"5":{"start":{"line":25,"column":0},"end":{"line":25,"column":27}},"6":{"start":{"line":27,"column":0},"end":{"line":27,"column":28}},"7":{"start":{"line":28,"column":0},"end":{"line":28,"column":34}},"8":{"start":{"line":29,"column":0},"end":{"line":29,"column":31}},"9":{"start":{"line":30,"column":0},"end":{"line":30,"column":35}},"10":{"start":{"line":31,"column":0},"end":{"line":31,"column":58}},"11":{"start":{"line":33,"column":0},"end":{"line":33,"column":22}}},"fnMap":{},"branchMap":{},"s":{"0":3,"1":3,"2":3,"3":3,"4":3,"5":3,"6":3,"7":3,"8":3,"9":3,"10":3,"11":3},"f":{},"b":{}}
,"C:\\Users\\willi\\Desktop\\bc-help-desk-api\\src\\routes\\user.routes.ts": {"path":"C:\\Users\\willi\\Desktop\\bc-help-desk-api\\src\\routes\\user.routes.ts","statementMap":{"0":{"start":{"line":1,"column":0},"end":{"line":1,"column":33}},"1":{"start":{"line":2,"column":0},"end":{"line":2,"column":65}},"2":{"start":{"line":3,"column":0},"end":{"line":3,"column":67}},"3":{"start":{"line":5,"column":23},"end":{"line":5,"column":31}},"4":{"start":{"line":7,"column":0},"end":{"line":7,"column":27}},"5":{"start":{"line":8,"column":0},"end":{"line":8,"column":39}},"6":{"start":{"line":10,"column":0},"end":{"line":10,"column":22}}},"fnMap":{},"branchMap":{},"s":{"0":3,"1":3,"2":3,"3":3,"4":3,"5":3,"6":3},"f":{},"b":{}}
,"C:\\Users\\willi\\Desktop\\bc-help-desk-api\\src\\schemas\\auth.schema.ts": {"path":"C:\\Users\\willi\\Desktop\\bc-help-desk-api\\src\\schemas\\auth.schema.ts","statementMap":{"0":{"start":{"line":1,"column":0},"end":{"line":1,"column":24}},"1":{"start":{"line":3,"column":13},"end":{"line":13,"column":3}},"2":{"start":{"line":15,"column":13},"end":{"line":20,"column":3}}},"fnMap":{},"branchMap":{},"s":{"0":3,"1":3,"2":3},"f":{},"b":{}}
,"C:\\Users\\willi\\Desktop\\bc-help-desk-api\\src\\schemas\\ticket.schema.ts": {"path":"C:\\Users\\willi\\Desktop\\bc-help-desk-api\\src\\schemas\\ticket.schema.ts","statementMap":{"0":{"start":{"line":4,"column":0},"end":{"line":4,"column":24}},"1":{"start":{"line":7,"column":15},"end":{"line":7,"column":25}},"2":{"start":{"line":9,"column":13},"end":{"line":31,"column":3}},"3":{"start":{"line":33,"column":13},"end":{"line":43,"column":3}}},"fnMap":{},"branchMap":{},"s":{"0":3,"1":3,"2":3,"3":3},"f":{},"b":{}}
,"C:\\Users\\willi\\Desktop\\bc-help-desk-api\\src\\services\\auth.service.ts": {"path":"C:\\Users\\willi\\Desktop\\bc-help-desk-api\\src\\services\\auth.service.ts","statementMap":{"0":{"start":{"line":12,"column":0},"end":{"line":12,"column":7}},"1":{"start":{"line":21,"column":0},"end":{"line":21,"column":7}},"2":{"start":{"line":39,"column":0},"end":{"line":39,"column":7}},"3":{"start":{"line":61,"column":0},"end":{"line":61,"column":7}},"4":{"start":{"line":65,"column":0},"end":{"line":65,"column":7}},"5":{"start":{"line":1,"column":0},"end":{"line":1,"column":28}},"6":{"start":{"line":2,"column":0},"end":{"line":2,"column":49}},"7":{"start":{"line":3,"column":0},"end":{"line":3,"column":null}},"8":{"start":{"line":9,"column":0},"end":{"line":9,"column":88}},"9":{"start":{"line":13,"column":19},"end":{"line":13,"column":51}},"10":{"start":{"line":14,"column":2},"end":{"line":14,"column":68}},"11":{"start":{"line":14,"column":16},"end":{"line":14,"column":68}},"12":{"start":{"line":16,"column":17},"end":{"line":16,"column":52}},"13":{"start":{"line":17,"column":15},"end":{"line":17,"column":61}},"14":{"start":{"line":18,"column":2},"end":{"line":18,"column":79}},"15":{"start":{"line":22,"column":15},"end":{"line":22,"column":47}},"16":{"start":{"line":23,"column":2},"end":{"line":23,"column":60}},"17":{"start":{"line":23,"column":13},"end":{"line":23,"column":60}},"18":{"start":{"line":25,"column":16},"end":{"line":25,"column":65}},"19":{"start":{"line":26,"column":2},"end":{"line":26,"column":61}},"20":{"start":{"line":26,"column":14},"end":{"line":26,"column":61}},"21":{"start":{"line":28,"column":22},"end":{"line":32,"column":4}},"22":{"start":{"line":33,"column":23},"end":{"line":33,"column":60}},"23":{"start":{"line":34,"column":2},"end":{"line":34,"column":62}},"24":{"start":{"line":36,"column":2},"end":{"line":36,"column":56}},"25":{"start":{"line":41,"column":2},"end":{"line":45,"column":3}},"26":{"start":{"line":42,"column":4},"end":{"line":42,"column":40}},"27":{"start":{"line":44,"column":4},"end":{"line":44,"column":64}},"28":{"start":{"line":47,"column":15},"end":{"line":47,"column":46}},"29":{"start":{"line":48,"column":2},"end":{"line":48,"column":55}},"30":{"start":{"line":48,"column":13},"end":{"line":48,"column":55}},"31":{"start":{"line":50,"column":22},"end":{"line":54,"column":4}},"32":{"start":{"line":55,"column":26},"end":{"line":55,"column":63}},"33":{"start":{"line":56,"column":2},"end":{"line":56,"column":65}},"34":{"start":{"line":58,"column":2},"end":{"line":58,"column":56}},"35":{"start":{"line":62,"column":2},"end":{"line":62,"column":41}},"36":{"start":{"line":66,"column":15},"end":{"line":66,"column":41}},"37":{"start":{"line":67,"column":2},"end":{"line":67,"column":55}},"38":{"start":{"line":67,"column":13},"end":{"line":67,"column":55}},"39":{"start":{"line":68,"column":2},"end":{"line":68,"column":79}}},"fnMap":{"0":{"name":"register","decl":{"start":{"line":12,"column":22},"end":{"line":12,"column":30}},"loc":{"start":{"line":12,"column":47},"end":{"line":19,"column":1}}},"1":{"name":"login","decl":{"start":{"line":21,"column":22},"end":{"line":21,"column":27}},"loc":{"start":{"line":21,"column":41},"end":{"line":37,"column":1}}},"2":{"name":"refreshTokens","decl":{"start":{"line":39,"column":22},"end":{"line":39,"column":35}},"loc":{"start":{"line":39,"column":49},"end":{"line":59,"column":1}}},"3":{"name":"logout","decl":{"start":{"line":61,"column":22},"end":{"line":61,"column":28}},"loc":{"start":{"line":61,"column":43},"end":{"line":63,"column":1}}},"4":{"name":"getMe","decl":{"start":{"line":65,"column":22},"end":{"line":65,"column":27}},"loc":{"start":{"line":65,"column":42},"end":{"line":69,"column":1}}}},"branchMap":{"0":{"loc":{"start":{"line":14,"column":2},"end":{"line":14,"column":68}},"type":"if","locations":[{"start":{"line":14,"column":2},"end":{"line":14,"column":68}}]},"1":{"loc":{"start":{"line":23,"column":2},"end":{"line":23,"column":60}},"type":"if","locations":[{"start":{"line":23,"column":2},"end":{"line":23,"column":60}}]},"2":{"loc":{"start":{"line":26,"column":2},"end":{"line":26,"column":61}},"type":"if","locations":[{"start":{"line":26,"column":2},"end":{"line":26,"column":61}}]},"3":{"loc":{"start":{"line":48,"column":2},"end":{"line":48,"column":55}},"type":"if","locations":[{"start":{"line":48,"column":2},"end":{"line":48,"column":55}}]},"4":{"loc":{"start":{"line":67,"column":2},"end":{"line":67,"column":55}},"type":"if","locations":[{"start":{"line":67,"column":2},"end":{"line":67,"column":55}}]}},"s":{"0":4,"1":4,"2":4,"3":4,"4":4,"5":4,"6":4,"7":4,"8":4,"9":11,"10":11,"11":2,"12":9,"13":9,"14":9,"15":26,"16":26,"17":1,"18":25,"19":25,"20":2,"21":23,"22":23,"23":23,"24":23,"25":4,"26":4,"27":1,"28":3,"29":3,"30":1,"31":2,"32":2,"33":2,"34":2,"35":2,"36":3,"37":3,"38":1,"39":2},"f":{"0":11,"1":26,"2":4,"3":2,"4":3},"b":{"0":[2],"1":[1],"2":[2],"3":[1],"4":[1]}}
,"C:\\Users\\willi\\Desktop\\bc-help-desk-api\\src\\services\\ticket.service.ts": {"path":"C:\\Users\\willi\\Desktop\\bc-help-desk-api\\src\\services\\ticket.service.ts","statementMap":{"0":{"start":{"line":8,"column":0},"end":{"line":8,"column":7}},"1":{"start":{"line":12,"column":0},"end":{"line":12,"column":7}},"2":{"start":{"line":23,"column":0},"end":{"line":23,"column":7}},"3":{"start":{"line":40,"column":0},"end":{"line":40,"column":7}},"4":{"start":{"line":59,"column":0},"end":{"line":59,"column":7}},"5":{"start":{"line":4,"column":0},"end":{"line":4,"column":57}},"6":{"start":{"line":6,"column":0},"end":{"line":6,"column":46}},"7":{"start":{"line":9,"column":2},"end":{"line":9,"column":63}},"8":{"start":{"line":13,"column":2},"end":{"line":20,"column":3}},"9":{"start":{"line":14,"column":4},"end":{"line":14,"column":37}},"10":{"start":{"line":16,"column":4},"end":{"line":18,"column":5}},"11":{"start":{"line":17,"column":6},"end":{"line":17,"column":52}},"12":{"start":{"line":19,"column":4},"end":{"line":19,"column":14}},"13":{"start":{"line":24,"column":2},"end":{"line":36,"column":3}},"14":{"start":{"line":25,"column":4},"end":{"line":25,"column":63}},"15":{"start":{"line":27,"column":4},"end":{"line":34,"column":5}},"16":{"start":{"line":33,"column":6},"end":{"line":33,"column":77}},"17":{"start":{"line":35,"column":4},"end":{"line":35,"column":14}},"18":{"start":{"line":46,"column":17},"end":{"line":46,"column":35}},"19":{"start":{"line":47,"column":2},"end":{"line":47,"column":27}},"20":{"start":{"line":47,"column":15},"end":{"line":47,"column":27}},"21":{"start":{"line":49,"column":2},"end":{"line":51,"column":3}},"22":{"start":{"line":50,"column":4},"end":{"line":50,"column":33}},"23":{"start":{"line":53,"column":2},"end":{"line":56,"column":5}},"24":{"start":{"line":60,"column":2},"end":{"line":60,"column":38}}},"fnMap":{"0":{"name":"findAll","decl":{"start":{"line":8,"column":22},"end":{"line":8,"column":29}},"loc":{"start":{"line":8,"column":29},"end":{"line":10,"column":1}}},"1":{"name":"findById","decl":{"start":{"line":12,"column":22},"end":{"line":12,"column":30}},"loc":{"start":{"line":12,"column":41},"end":{"line":21,"column":1}}},"2":{"name":"create","decl":{"start":{"line":23,"column":22},"end":{"line":23,"column":28}},"loc":{"start":{"line":23,"column":66},"end":{"line":37,"column":1}}},"3":{"name":"update","decl":{"start":{"line":40,"column":22},"end":{"line":40,"column":28}},"loc":{"start":{"line":44,"column":23},"end":{"line":57,"column":1}}},"4":{"name":"remove","decl":{"start":{"line":59,"column":22},"end":{"line":59,"column":28}},"loc":{"start":{"line":59,"column":39},"end":{"line":61,"column":1}}}},"branchMap":{"0":{"loc":{"start":{"line":16,"column":4},"end":{"line":18,"column":5}},"type":"if","locations":[{"start":{"line":16,"column":4},"end":{"line":18,"column":5}}]},"1":{"loc":{"start":{"line":16,"column":8},"end":{"line":16,"column":56}},"type":"binary-expr","locations":[{"start":{"line":16,"column":8},"end":{"line":16,"column":28}},{"start":{"line":16,"column":32},"end":{"line":16,"column":56}}]},"2":{"loc":{"start":{"line":27,"column":4},"end":{"line":34,"column":5}},"type":"if","locations":[{"start":{"line":27,"column":4},"end":{"line":34,"column":5}}]},"3":{"loc":{"start":{"line":28,"column":6},"end":{"line":31,"column":47}},"type":"binary-expr","locations":[{"start":{"line":28,"column":6},"end":{"line":28,"column":29}},{"start":{"line":29,"column":6},"end":{"line":29,"column":18}},{"start":{"line":30,"column":6},"end":{"line":30,"column":19}},{"start":{"line":31,"column":7},"end":{"line":31,"column":47}}]},"4":{"loc":{"start":{"line":47,"column":2},"end":{"line":47,"column":27}},"type":"if","locations":[{"start":{"line":47,"column":2},"end":{"line":47,"column":27}}]},"5":{"loc":{"start":{"line":49,"column":2},"end":{"line":51,"column":3}},"type":"if","locations":[{"start":{"line":49,"column":2},"end":{"line":51,"column":3}}]},"6":{"loc":{"start":{"line":49,"column":6},"end":{"line":49,"column":67}},"type":"binary-expr","locations":[{"start":{"line":49,"column":6},"end":{"line":49,"column":31}},{"start":{"line":49,"column":35},"end":{"line":49,"column":67}}]}},"s":{"0":4,"1":4,"2":4,"3":4,"4":4,"5":4,"6":4,"7":2,"8":14,"9":14,"10":2,"11":1,"12":1,"13":14,"14":14,"15":3,"16":2,"17":1,"18":8,"19":8,"20":2,"21":6,"22":2,"23":4,"24":4},"f":{"0":2,"1":14,"2":14,"3":8,"4":4},"b":{"0":[1],"1":[2,2],"2":[2],"3":[3,3,3,2],"4":[2],"5":[2],"6":[6,4]}}
,"C:\\Users\\willi\\Desktop\\bc-help-desk-api\\src\\utils\\jwt.ts": {"path":"C:\\Users\\willi\\Desktop\\bc-help-desk-api\\src\\utils\\jwt.ts","statementMap":{"0":{"start":{"line":9,"column":0},"end":{"line":9,"column":16}},"1":{"start":{"line":16,"column":0},"end":{"line":16,"column":16}},"2":{"start":{"line":22,"column":0},"end":{"line":22,"column":16}},"3":{"start":{"line":29,"column":0},"end":{"line":29,"column":16}},"4":{"start":{"line":1,"column":0},"end":{"line":1,"column":31}},"5":{"start":{"line":10,"column":17},"end":{"line":10,"column":46}},"6":{"start":{"line":11,"column":20},"end":{"line":11,"column":62}},"7":{"start":{"line":12,"column":2},"end":{"line":12,"column":67}},"8":{"start":{"line":12,"column":15},"end":{"line":12,"column":67}},"9":{"start":{"line":13,"column":2},"end":{"line":13,"column":69}},"10":{"start":{"line":17,"column":17},"end":{"line":17,"column":46}},"11":{"start":{"line":18,"column":2},"end":{"line":18,"column":67}},"12":{"start":{"line":18,"column":15},"end":{"line":18,"column":67}},"13":{"start":{"line":19,"column":2},"end":{"line":19,"column":49}},"14":{"start":{"line":23,"column":17},"end":{"line":23,"column":47}},"15":{"start":{"line":24,"column":20},"end":{"line":24,"column":62}},"16":{"start":{"line":25,"column":2},"end":{"line":25,"column":68}},"17":{"start":{"line":25,"column":15},"end":{"line":25,"column":68}},"18":{"start":{"line":26,"column":2},"end":{"line":26,"column":77}},"19":{"start":{"line":30,"column":17},"end":{"line":30,"column":47}},"20":{"start":{"line":31,"column":2},"end":{"line":31,"column":68}},"21":{"start":{"line":31,"column":15},"end":{"line":31,"column":68}},"22":{"start":{"line":32,"column":2},"end":{"line":32,"column":54}}},"fnMap":{"0":{"name":"signAccessToken","decl":{"start":{"line":9,"column":16},"end":{"line":9,"column":31}},"loc":{"start":{"line":9,"column":51},"end":{"line":14,"column":1}}},"1":{"name":"verifyAccessToken","decl":{"start":{"line":16,"column":16},"end":{"line":16,"column":33}},"loc":{"start":{"line":16,"column":47},"end":{"line":20,"column":1}}},"2":{"name":"signRefreshToken","decl":{"start":{"line":22,"column":16},"end":{"line":22,"column":32}},"loc":{"start":{"line":22,"column":47},"end":{"line":27,"column":1}}},"3":{"name":"verifyRefreshToken","decl":{"start":{"line":29,"column":16},"end":{"line":29,"column":34}},"loc":{"start":{"line":29,"column":48},"end":{"line":33,"column":1}}}},"branchMap":{"0":{"loc":{"start":{"line":11,"column":20},"end":{"line":11,"column":62}},"type":"binary-expr","locations":[{"start":{"line":11,"column":20},"end":{"line":11,"column":53}},{"start":{"line":11,"column":57},"end":{"line":11,"column":62}}]},"1":{"loc":{"start":{"line":12,"column":2},"end":{"line":12,"column":67}},"type":"if","locations":[{"start":{"line":12,"column":2},"end":{"line":12,"column":67}}]},"2":{"loc":{"start":{"line":18,"column":2},"end":{"line":18,"column":67}},"type":"if","locations":[{"start":{"line":18,"column":2},"end":{"line":18,"column":67}}]},"3":{"loc":{"start":{"line":24,"column":20},"end":{"line":24,"column":62}},"type":"binary-expr","locations":[{"start":{"line":24,"column":20},"end":{"line":24,"column":54}},{"start":{"line":24,"column":58},"end":{"line":24,"column":62}}]},"4":{"loc":{"start":{"line":25,"column":2},"end":{"line":25,"column":68}},"type":"if","locations":[{"start":{"line":25,"column":2},"end":{"line":25,"column":68}}]},"5":{"loc":{"start":{"line":31,"column":2},"end":{"line":31,"column":68}},"type":"if","locations":[{"start":{"line":31,"column":2},"end":{"line":31,"column":68}}]}},"s":{"0":4,"1":4,"2":4,"3":4,"4":4,"5":25,"6":25,"7":25,"8":0,"9":25,"10":27,"11":27,"12":0,"13":27,"14":27,"15":27,"16":27,"17":0,"18":27,"19":4,"20":4,"21":0,"22":4},"f":{"0":25,"1":27,"2":27,"3":4},"b":{"0":[25,0],"1":[0],"2":[0],"3":[27,0],"4":[0],"5":[0]}}
}
