TN:
SF:src\app.ts
FN:30,(anonymous_1)
FNF:1
FNH:1
FNDA:1,(anonymous_1)
DA:1,3
DA:2,3
DA:3,3
DA:4,3
DA:5,3
DA:6,3
DA:7,3
DA:8,3
DA:9,3
DA:10,3
DA:11,3
DA:12,3
DA:14,3
DA:17,3
DA:18,3
DA:19,3
DA:22,3
DA:23,3
DA:24,3
DA:27,3
DA:30,3
DA:31,1
DA:35,3
DA:36,3
DA:37,3
DA:40,3
DA:41,3
DA:43,3
LF:28
LH:28
BRF:0
BRH:0
end_of_record
TN:
SF:src\config\security.ts
FN:7,(anonymous_1)
FN:36,(anonymous_2)
FNF:2
FNH:2
FNDA:102,(anonymous_1)
FNDA:69,(anonymous_2)
DA:1,3
DA:7,102
DA:10,3
DA:20,3
DA:30,3
DA:35,3
DA:37,69
DA:38,69
DA:40,0
LF:9
LH:8
BRDA:37,0,0,69
BRDA:37,0,1,0
BRDA:37,1,0,69
BRDA:37,1,1,0
BRF:4
BRH:2
end_of_record
TN:
SF:src\controllers\auth.controller.ts
FN:6,register
FN:16,login
FN:34,refresh
FN:53,logout
FN:64,me
FNF:5
FNH:5
FNDA:10,register
FNDA:23,login
FNDA:2,refresh
FNDA:1,logout
FNDA:1,me
DA:2,3
DA:3,3
DA:4,3
DA:6,3
DA:7,10
DA:8,10
DA:9,9
DA:10,8
DA:12,2
DA:16,3
DA:17,23
DA:18,23
DA:19,23
DA:21,22
DA:28,22
DA:30,1
DA:34,3
DA:35,2
DA:36,2
DA:37,2
DA:39,1
DA:40,1
DA:47,1
DA:49,1
DA:53,3
DA:54,1
DA:55,1
DA:56,1
DA:57,1
DA:58,1
DA:60,0
DA:64,3
DA:65,1
DA:66,1
DA:67,1
DA:68,1
DA:70,0
LF:37
LH:35
BRDA:37,0,0,1
BRDA:55,1,0,0
BRDA:66,2,0,0
BRF:3
BRH:1
end_of_record
TN:
SF:src\controllers\ticket.controller.ts
FN:9,getTickets
FN:18,getTicketById
FN:32,createTicket
FN:44,updateTicket
FN:65,deleteTicket
FNF:5
FNH:5
FNDA:1,getTickets
FNDA:2,getTicketById
FNDA:12,createTicket
FNDA:5,updateTicket
FNDA:2,deleteTicket
DA:5,3
DA:6,3
DA:7,3
DA:9,3
DA:10,1
DA:11,1
DA:12,1
DA:14,0
DA:18,3
DA:23,2
DA:24,2
DA:25,2
DA:26,1
DA:28,1
DA:32,3
DA:33,12
DA:34,12
DA:36,12
DA:37,11
DA:38,10
DA:40,2
DA:44,3
DA:49,5
DA:50,5
DA:52,5
DA:53,4
DA:55,3
DA:56,2
DA:58,3
DA:59,1
DA:61,2
DA:65,3
DA:70,2
DA:71,2
DA:72,2
DA:73,1
DA:75,1
LF:37
LH:36
BRDA:25,0,0,1
BRDA:34,1,0,0
BRDA:50,2,0,0
BRDA:55,3,0,1
BRDA:58,4,0,1
BRDA:58,5,0,3
BRDA:58,5,1,3
BRDA:72,6,0,1
BRF:8
BRH:6
end_of_record
TN:
SF:src\controllers\user.controller.ts
FN:4,getDashboard
FNF:1
FNH:1
FNDA:1,getDashboard
DA:2,3
DA:4,3
DA:9,1
DA:10,1
DA:11,1
DA:16,0
LF:6
LH:5
BRDA:10,0,0,0
BRF:1
BRH:0
end_of_record
TN:
SF:src\errors\AppError.ts
FN:2,(anonymous_0)
FNF:1
FNH:1
FNDA:24,(anonymous_0)
DA:1,5
DA:3,24
DA:6,24
DA:7,24
DA:8,24
LF:5
LH:5
BRF:0
BRH:0
end_of_record
TN:
SF:src\middlewares\auth.middleware.ts
FN:5,authMiddleware
FNF:1
FNH:1
FNDA:32,authMiddleware
DA:2,3
DA:3,3
DA:5,3
DA:6,32
DA:7,32
DA:8,5
DA:11,27
DA:12,27
DA:13,27
DA:14,26
DA:16,1
LF:11
LH:11
BRDA:7,0,0,5
BRDA:7,1,0,32
BRDA:7,1,1,27
BRF:3
BRH:3
end_of_record
TN:
SF:src\middlewares\errorHandler.ts
FN:5,errorHandler
FN:16,(anonymous_1)
FNF:2
FNH:2
FNDA:19,errorHandler
FNDA:7,(anonymous_1)
DA:2,3
DA:3,3
DA:5,3
DA:6,19
DA:7,16
DA:8,16
DA:13,3
DA:14,3
DA:16,7
DA:18,3
DA:21,0
DA:22,0
LF:12
LH:10
BRDA:6,0,0,16
BRDA:13,1,0,3
BRF:2
BRH:2
end_of_record
TN:
SF:src\middlewares\notFound.ts
FN:4,notFound
FNF:1
FNH:1
FNDA:1,notFound
DA:2,3
DA:4,3
DA:5,1
LF:3
LH:3
BRF:0
BRH:0
end_of_record
TN:
SF:src\middlewares\requireRole.ts
FN:7,requireRole
FN:8,(anonymous_1)
FNF:2
FNH:2
FNDA:3,requireRole
FNDA:3,(anonymous_1)
DA:2,3
DA:7,3
DA:8,3
DA:9,3
DA:10,0
DA:13,3
DA:14,1
DA:19,2
LF:8
LH:7
BRDA:9,0,0,0
BRDA:13,1,0,1
BRF:2
BRH:1
end_of_record
TN:
SF:src\middlewares\sanitize.ts
FN:3,stripDangerousKeys
FN:17,sanitize
FNF:2
FNH:2
FNDA:207,stripDangerousKeys
FNDA:69,sanitize
DA:4,207
DA:5,189
DA:6,131
DA:7,0
DA:8,0
DA:10,131
DA:11,131
DA:12,0
DA:17,3
DA:18,69
DA:19,69
DA:20,69
DA:21,69
LF:13
LH:10
BRDA:4,0,0,18
BRDA:4,1,0,207
BRDA:4,1,1,207
BRDA:6,2,0,0
BRDA:6,3,0,131
BRDA:6,3,1,131
BRDA:11,4,0,0
BRDA:11,5,0,131
BRDA:11,5,1,0
BRF:9
BRH:6
end_of_record
TN:
SF:src\models\ticket.model.ts
FNF:0
FNH:0
DA:4,3
DA:23,3
DA:67,3
LF:3
LH:3
BRF:0
BRH:0
end_of_record
TN:
SF:src\models\user.model.ts
FNF:0
FNH:0
DA:1,4
DA:13,4
DA:24,4
LF:3
LH:3
BRF:0
BRH:0
end_of_record
TN:
SF:src\repositories\users.repository.ts
FN:3,findUserByEmail
FN:7,findUserById
FN:11,createUser
FN:19,updateRefreshToken
FNF:4
FNH:4
FNDA:32,findUserByEmail
FNDA:2,findUserById
FNDA:8,createUser
FNDA:24,updateRefreshToken
DA:1,4
DA:3,4
DA:4,32
DA:7,4
DA:8,2
DA:11,4
DA:16,8
DA:19,4
DA:23,24
LF:9
LH:9
BRF:0
BRH:0
end_of_record
TN:
SF:src\routes\auth.routes.ts
FNF:0
FNH:0
DA:1,3
DA:2,3
DA:3,3
DA:4,3
DA:6,3
DA:8,3
DA:9,3
DA:10,3
DA:11,3
DA:12,3
DA:14,3
LF:11
LH:11
BRF:0
BRH:0
end_of_record
TN:
SF:src\routes\ticket.routes.ts
FNF:0
FNH:0
DA:12,3
DA:13,3
DA:20,3
DA:21,3
DA:23,3
DA:25,3
DA:27,3
DA:28,3
DA:29,3
DA:30,3
DA:31,3
DA:33,3
LF:12
LH:12
BRF:0
BRH:0
end_of_record
TN:
SF:src\routes\user.routes.ts
FNF:0
FNH:0
DA:1,3
DA:2,3
DA:3,3
DA:5,3
DA:7,3
DA:8,3
DA:10,3
LF:7
LH:7
BRF:0
BRH:0
end_of_record
TN:
SF:src\schemas\auth.schema.ts
FNF:0
FNH:0
DA:1,3
DA:3,3
DA:15,3
LF:3
LH:3
BRF:0
BRH:0
end_of_record
TN:
SF:src\schemas\ticket.schema.ts
FNF:0
FNH:0
DA:4,3
DA:7,3
DA:9,3
DA:33,3
LF:4
LH:4
BRF:0
BRH:0
end_of_record
TN:
SF:src\services\auth.service.ts
FN:12,register
FN:21,login
FN:39,refreshTokens
FN:61,logout
FN:65,getMe
FNF:5
FNH:5
FNDA:11,register
FNDA:26,login
FNDA:4,refreshTokens
FNDA:2,logout
FNDA:3,getMe
DA:1,4
DA:2,4
DA:3,4
DA:9,4
DA:12,4
DA:13,11
DA:14,11
DA:16,9
DA:17,9
DA:18,9
DA:21,4
DA:22,26
DA:23,26
DA:25,25
DA:26,25
DA:28,23
DA:33,23
DA:34,23
DA:36,23
DA:39,4
DA:41,4
DA:42,4
DA:44,1
DA:47,3
DA:48,3
DA:50,2
DA:55,2
DA:56,2
DA:58,2
DA:61,4
DA:62,2
DA:65,4
DA:66,3
DA:67,3
DA:68,2
LF:35
LH:35
BRDA:14,0,0,2
BRDA:23,1,0,1
BRDA:26,2,0,2
BRDA:48,3,0,1
BRDA:67,4,0,1
BRF:5
BRH:5
end_of_record
TN:
SF:src\services\ticket.service.ts
FN:8,findAll
FN:12,findById
FN:23,create
FN:40,update
FN:59,remove
FNF:5
FNH:5
FNDA:2,findAll
FNDA:14,findById
FNDA:14,create
FNDA:8,update
FNDA:4,remove
DA:4,4
DA:6,4
DA:8,4
DA:9,2
DA:12,4
DA:13,14
DA:14,14
DA:16,2
DA:17,1
DA:19,1
DA:23,4
DA:24,14
DA:25,14
DA:27,3
DA:33,2
DA:35,1
DA:40,4
DA:46,8
DA:47,8
DA:49,6
DA:50,2
DA:53,4
DA:59,4
DA:60,4
LF:24
LH:24
BRDA:16,0,0,1
BRDA:16,1,0,2
BRDA:16,1,1,2
BRDA:27,2,0,2
BRDA:28,3,0,3
BRDA:28,3,1,3
BRDA:28,3,2,3
BRDA:28,3,3,2
BRDA:47,4,0,2
BRDA:49,5,0,2
BRDA:49,6,0,6
BRDA:49,6,1,4
BRF:12
BRH:12
end_of_record
TN:
SF:src\utils\jwt.ts
FN:9,signAccessToken
FN:16,verifyAccessToken
FN:22,signRefreshToken
FN:29,verifyRefreshToken
FNF:4
FNH:4
FNDA:25,signAccessToken
FNDA:27,verifyAccessToken
FNDA:27,signRefreshToken
FNDA:4,verifyRefreshToken
DA:1,4
DA:9,4
DA:10,25
DA:11,25
DA:12,25
DA:13,25
DA:16,4
DA:17,27
DA:18,27
DA:19,27
DA:22,4
DA:23,27
DA:24,27
DA:25,27
DA:26,27
DA:29,4
DA:30,4
DA:31,4
DA:32,4
LF:19
LH:19
BRDA:11,0,0,25
BRDA:11,0,1,0
BRDA:12,1,0,0
BRDA:18,2,0,0
BRDA:24,3,0,27
BRDA:24,3,1,0
BRDA:25,4,0,0
BRDA:31,5,0,0
BRF:8
BRH:2
end_of_record
