TN:
SF:src\app.ts
FN:30,(anonymous_1)
FNF:1
FNH:0
FNDA:0,(anonymous_1)
DA:1,3
DA:2,3
DA:3,3
DA:4,3
DA:5,3
DA:6,3
DA:7,3
DA:8,3
DA:9,3
DA:10,3
DA:11,3
DA:12,3
DA:14,3
DA:17,3
DA:18,3
DA:19,3
DA:22,3
DA:23,3
DA:24,3
DA:27,3
DA:30,3
DA:31,0
DA:35,3
DA:36,3
DA:37,3
DA:40,3
DA:41,3
DA:43,3
LF:28
LH:27
BRF:0
BRH:0
end_of_record
TN:
SF:src\config\security.ts
FN:7,(anonymous_1)
FN:36,(anonymous_2)
FNF:2
FNH:2
FNDA:97,(anonymous_1)
FNDA:65,(anonymous_2)
DA:1,3
DA:7,97
DA:10,3
DA:20,3
DA:30,3
DA:35,3
DA:37,65
DA:38,65
DA:40,0
LF:9
LH:8
BRDA:37,0,0,65
BRDA:37,0,1,0
BRDA:37,1,0,65
BRDA:37,1,1,0
BRF:4
BRH:2
end_of_record
TN:
SF:src\controllers\auth.controller.ts
FN:6,register
FN:16,login
FN:34,refresh
FN:53,logout
FN:64,me
FNF:5
FNH:5
FNDA:10,register
FNDA:22,login
FNDA:2,refresh
FNDA:1,logout
FNDA:1,me
DA:2,3
DA:3,3
DA:4,3
DA:6,3
DA:7,10
DA:8,10
DA:9,9
DA:10,8
DA:12,2
DA:16,3
DA:17,22
DA:18,22
DA:19,22
DA:21,21
DA:28,21
DA:30,1
DA:34,3
DA:35,2
DA:36,2
DA:37,2
DA:39,1
DA:40,1
DA:47,1
DA:49,1
DA:53,3
DA:54,1
DA:55,1
DA:56,1
DA:57,1
DA:58,1
DA:60,0
DA:64,3
DA:65,1
DA:66,1
DA:67,1
DA:68,1
DA:70,0
LF:37
LH:35
BRDA:37,0,0,1
BRDA:55,1,0,0
BRDA:66,2,0,0
BRF:3
BRH:1
end_of_record
TN:
SF:src\controllers\ticket.controller.ts
FN:9,getTickets
FN:18,getTicketById
FN:32,createTicket
FN:44,updateTicket
FN:65,deleteTicket
FNF:5
FNH:5
FNDA:1,getTickets
FNDA:2,getTicketById
FNDA:12,createTicket
FNDA:5,updateTicket
FNDA:1,deleteTicket
DA:5,3
DA:6,3
DA:7,3
DA:9,3
DA:10,1
DA:11,1
DA:12,1
DA:14,0
DA:18,3
DA:23,2
DA:24,2
DA:25,2
DA:26,1
DA:28,1
DA:32,3
DA:33,12
DA:34,12
DA:36,12
DA:37,11
DA:38,10
DA:40,2
DA:44,3
DA:49,5
DA:50,5
DA:52,5
DA:53,4
DA:55,3
DA:56,2
DA:58,3
DA:59,1
DA:61,2
DA:65,3
DA:70,1
DA:71,1
DA:72,1
DA:73,1
DA:75,0
LF:37
LH:35
BRDA:25,0,0,1
BRDA:34,1,0,0
BRDA:50,2,0,0
BRDA:55,3,0,1
BRDA:58,4,0,1
BRDA:58,5,0,3
BRDA:58,5,1,3
BRDA:72,6,0,0
BRF:8
BRH:5
end_of_record
TN:
SF:src\controllers\user.controller.ts
FN:4,getDashboard
FNF:1
FNH:1
FNDA:1,getDashboard
DA:2,3
DA:4,3
DA:9,1
DA:10,1
DA:11,1
DA:16,0
LF:6
LH:5
BRDA:10,0,0,0
BRF:1
BRH:0
end_of_record
TN:
SF:src\errors\AppError.ts
FN:2,(anonymous_0)
FNF:1
FNH:1
FNDA:22,(anonymous_0)
DA:1,5
DA:3,22
DA:6,22
DA:7,22
DA:8,22
LF:5
LH:5
BRF:0
BRH:0
end_of_record
TN:
SF:src\lib\mongoose.ts
FN:3,connectDB
FNF:1
FNH:0
FNDA:0,connectDB
DA:1,0
DA:3,0
DA:4,0
DA:5,0
LF:4
LH:0
BRF:0
BRH:0
end_of_record
TN:
SF:src\middlewares\auth.middleware.ts
FN:5,authMiddleware
FNF:1
FNH:1
FNDA:30,authMiddleware
DA:2,3
DA:3,3
DA:5,3
DA:6,30
DA:7,30
DA:8,5
DA:11,25
DA:12,25
DA:13,25
DA:14,25
DA:16,0
LF:11
LH:10
BRDA:7,0,0,5
BRDA:7,1,0,30
BRDA:7,1,1,25
BRF:3
BRH:3
end_of_record
TN:
SF:src\middlewares\errorHandler.ts
FN:5,errorHandler
FN:16,(anonymous_1)
FNF:2
FNH:2
FNDA:17,errorHandler
FNDA:7,(anonymous_1)
DA:2,3
DA:3,3
DA:5,3
DA:6,17
DA:7,14
DA:8,14
DA:13,3
DA:14,3
DA:16,7
DA:18,3
DA:21,0
DA:22,0
LF:12
LH:10
BRDA:6,0,0,14
BRDA:13,1,0,3
BRF:2
BRH:2
end_of_record
TN:
SF:src\middlewares\notFound.ts
FN:4,notFound
FNF:1
FNH:1
FNDA:1,notFound
DA:2,3
DA:4,3
DA:5,1
LF:3
LH:3
BRF:0
BRH:0
end_of_record
TN:
SF:src\middlewares\requireRole.ts
FN:7,requireRole
FN:8,(anonymous_1)
FNF:2
FNH:2
FNDA:3,requireRole
FNDA:2,(anonymous_1)
DA:2,3
DA:7,3
DA:8,3
DA:9,2
DA:10,0
DA:13,2
DA:14,1
DA:19,1
LF:8
LH:7
BRDA:9,0,0,0
BRDA:13,1,0,1
BRF:2
BRH:1
end_of_record
TN:
SF:src\middlewares\sanitize.ts
FN:3,stripDangerousKeys
FN:17,sanitize
FNF:2
FNH:2
FNDA:195,stripDangerousKeys
FNDA:65,sanitize
DA:4,195
DA:5,180
DA:6,129
DA:7,0
DA:8,0
DA:10,129
DA:11,129
DA:12,0
DA:17,3
DA:18,65
DA:19,65
DA:20,65
DA:21,65
LF:13
LH:10
BRDA:4,0,0,15
BRDA:4,1,0,195
BRDA:4,1,1,195
BRDA:6,2,0,0
BRDA:6,3,0,129
BRDA:6,3,1,129
BRDA:11,4,0,0
BRDA:11,5,0,129
BRDA:11,5,1,0
BRF:9
BRH:6
end_of_record
TN:
SF:src\models\ticket.model.ts
FNF:0
FNH:0
DA:4,3
DA:23,3
DA:67,3
LF:3
LH:3
BRF:0
BRH:0
end_of_record
TN:
SF:src\models\user.model.ts
FNF:0
FNH:0
DA:1,4
DA:13,4
DA:24,4
LF:3
LH:3
BRF:0
BRH:0
end_of_record
TN:
SF:src\repositories\users.repository.ts
FN:3,findUserByEmail
FN:7,findUserById
FN:11,createUser
FN:19,updateRefreshToken
FNF:4
FNH:4
FNDA:31,findUserByEmail
FNDA:2,findUserById
FNDA:8,createUser
FNDA:23,updateRefreshToken
DA:1,4
DA:3,4
DA:4,31
DA:7,4
DA:8,2
DA:11,4
DA:16,8
DA:19,4
DA:23,23
LF:9
LH:9
BRF:0
BRH:0
end_of_record
TN:
SF:src\routes\auth.routes.ts
FNF:0
FNH:0
DA:1,3
DA:2,3
DA:3,3
DA:4,3
DA:6,3
DA:8,3
DA:9,3
DA:10,3
DA:11,3
DA:12,3
DA:14,3
LF:11
LH:11
BRF:0
BRH:0
end_of_record
TN:
SF:src\routes\ticket.routes.ts
FNF:0
FNH:0
DA:12,3
DA:13,3
DA:20,3
DA:21,3
DA:23,3
DA:25,3
DA:27,3
DA:28,3
DA:29,3
DA:30,3
DA:31,3
DA:33,3
LF:12
LH:12
BRF:0
BRH:0
end_of_record
TN:
SF:src\routes\user.routes.ts
FNF:0
FNH:0
DA:1,3
DA:2,3
DA:3,3
DA:5,3
DA:7,3
DA:8,3
DA:10,3
LF:7
LH:7
BRF:0
BRH:0
end_of_record
TN:
SF:src\schemas\auth.schema.ts
FNF:0
FNH:0
DA:1,3
DA:3,3
DA:15,3
LF:3
LH:3
BRF:0
BRH:0
end_of_record
TN:
SF:src\schemas\ticket.schema.ts
FNF:0
FNH:0
DA:4,3
DA:7,3
DA:9,3
DA:33,3
LF:4
LH:4
BRF:0
BRH:0
end_of_record
TN:
SF:src\services\auth.service.ts
FN:12,register
FN:21,login
FN:39,refreshTokens
FN:61,logout
FN:65,getMe
FNF:5
FNH:5
FNDA:11,register
FNDA:25,login
FNDA:4,refreshTokens
FNDA:2,logout
FNDA:3,getMe
DA:1,4
DA:2,4
DA:3,4
DA:9,4
DA:12,4
DA:13,11
DA:14,11
DA:16,9
DA:17,9
DA:18,9
DA:21,4
DA:22,25
DA:23,25
DA:25,24
DA:26,24
DA:28,22
DA:33,22
DA:34,22
DA:36,22
DA:39,4
DA:41,4
DA:42,4
DA:44,1
DA:47,3
DA:48,3
DA:50,2
DA:55,2
DA:56,2
DA:58,2
DA:61,4
DA:62,2
DA:65,4
DA:66,3
DA:67,3
DA:68,2
LF:35
LH:35
BRDA:14,0,0,2
BRDA:23,1,0,1
BRDA:26,2,0,2
BRDA:48,3,0,1
BRDA:67,4,0,1
BRF:5
BRH:5
end_of_record
TN:
SF:src\services\ticket.service.ts
FN:8,findAll
FN:12,findById
FN:23,create
FN:35,update
FN:51,remove
FNF:5
FNH:5
FNDA:2,findAll
FNDA:14,findById
FNDA:14,create
FNDA:8,update
FNDA:3,remove
DA:4,4
DA:6,4
DA:8,4
DA:9,2
DA:12,4
DA:13,14
DA:14,14
DA:16,2
DA:17,1
DA:19,1
DA:23,4
DA:24,14
DA:25,14
DA:27,3
DA:28,2
DA:30,1
DA:35,4
DA:41,8
DA:42,8
DA:44,6
DA:45,2
DA:48,4
DA:51,4
DA:52,3
LF:24
LH:24
BRDA:16,0,0,1
BRDA:16,1,0,2
BRDA:16,1,1,2
BRDA:27,2,0,2
BRDA:27,3,0,3
BRDA:27,3,1,3
BRDA:27,3,2,3
BRDA:27,3,3,2
BRDA:42,4,0,2
BRDA:44,5,0,2
BRDA:44,6,0,6
BRDA:44,6,1,4
BRF:12
BRH:12
end_of_record
TN:
SF:src\utils\jwt.ts
FN:9,signAccessToken
FN:16,verifyAccessToken
FN:22,signRefreshToken
FN:29,verifyRefreshToken
FNF:4
FNH:4
FNDA:24,signAccessToken
FNDA:25,verifyAccessToken
FNDA:26,signRefreshToken
FNDA:4,verifyRefreshToken
DA:1,4
DA:9,4
DA:10,24
DA:11,24
DA:12,24
DA:13,24
DA:16,4
DA:17,25
DA:18,25
DA:19,25
DA:22,4
DA:23,26
DA:24,26
DA:25,26
DA:26,26
DA:29,4
DA:30,4
DA:31,4
DA:32,4
LF:19
LH:19
BRDA:11,0,0,24
BRDA:11,0,1,0
BRDA:12,1,0,0
BRDA:18,2,0,0
BRDA:24,3,0,26
BRDA:24,3,1,0
BRDA:25,4,0,0
BRDA:31,5,0,0
BRF:8
BRH:2
end_of_record
